{
  "C:\\WWW\\Pass the host\\src\\contexts\\shared\\domain\\DomainEvent.ts": {
    "path": "C:\\WWW\\Pass the host\\src\\contexts\\shared\\domain\\DomainEvent.ts",
    "statementMap": {
      "0": { "start": { "line": 18, "column": 4 }, "end": { "line": 18, "column": null } },
      "1": { "start": { "line": 19, "column": 4 }, "end": { "line": 19, "column": null } }
    },
    "fnMap": {
      "0": {
        "name": "(anonymous_0)",
        "decl": { "start": { "line": 17, "column": 2 }, "end": { "line": 17, "column": 14 } },
        "loc": { "start": { "line": 17, "column": 36 }, "end": { "line": 20, "column": null } },
        "line": 17
      }
    },
    "branchMap": {},
    "s": { "0": 51, "1": 51 },
    "f": { "0": 51 },
    "b": {},
    "meta": {
      "lastBranch": 0,
      "lastFunction": 1,
      "lastStatement": 2,
      "seen": { "f:17:2:17:14": 0, "s:18:4:18:Infinity": 0, "s:19:4:19:Infinity": 1 }
    }
  },
  "C:\\WWW\\Pass the host\\src\\contexts\\shared\\domain\\DomainEvents.ts": {
    "path": "C:\\WWW\\Pass the host\\src\\contexts\\shared\\domain\\DomainEvents.ts",
    "statementMap": {
      "0": { "start": { "line": 13, "column": 4 }, "end": { "line": 13, "column": null } },
      "1": { "start": { "line": 9, "column": 20 }, "end": { "line": 9, "column": null } },
      "2": { "start": { "line": 10, "column": 20 }, "end": { "line": 10, "column": null } },
      "3": { "start": { "line": 11, "column": 20 }, "end": { "line": 11, "column": null } },
      "4": { "start": { "line": 17, "column": 4 }, "end": { "line": 17, "column": null } },
      "5": { "start": { "line": 26, "column": 4 }, "end": { "line": 26, "column": null } },
      "6": { "start": { "line": 23, "column": 20 }, "end": { "line": 23, "column": null } },
      "7": { "start": { "line": 24, "column": 20 }, "end": { "line": 24, "column": null } },
      "8": { "start": { "line": 30, "column": 4 }, "end": { "line": 30, "column": null } },
      "9": { "start": { "line": 39, "column": 4 }, "end": { "line": 39, "column": null } },
      "10": { "start": { "line": 36, "column": 20 }, "end": { "line": 36, "column": null } },
      "11": { "start": { "line": 37, "column": 20 }, "end": { "line": 37, "column": null } },
      "12": { "start": { "line": 43, "column": 4 }, "end": { "line": 43, "column": null } },
      "13": { "start": { "line": 53, "column": 4 }, "end": { "line": 53, "column": null } },
      "14": { "start": { "line": 52, "column": 30 }, "end": { "line": 52, "column": 48 } },
      "15": { "start": { "line": 57, "column": 4 }, "end": { "line": 57, "column": null } },
      "16": { "start": { "line": 63, "column": 4 }, "end": { "line": 63, "column": null } },
      "17": { "start": { "line": 62, "column": 30 }, "end": { "line": 62, "column": 48 } },
      "18": { "start": { "line": 67, "column": 4 }, "end": { "line": 67, "column": null } },
      "19": { "start": { "line": 73, "column": 4 }, "end": { "line": 73, "column": null } },
      "20": { "start": { "line": 72, "column": 30 }, "end": { "line": 72, "column": 48 } },
      "21": { "start": { "line": 77, "column": 4 }, "end": { "line": 77, "column": null } },
      "22": { "start": { "line": 83, "column": 4 }, "end": { "line": 83, "column": null } },
      "23": { "start": { "line": 82, "column": 30 }, "end": { "line": 82, "column": 48 } },
      "24": { "start": { "line": 87, "column": 4 }, "end": { "line": 87, "column": null } },
      "25": { "start": { "line": 96, "column": 4 }, "end": { "line": 96, "column": null } },
      "26": { "start": { "line": 93, "column": 20 }, "end": { "line": 93, "column": null } },
      "27": { "start": { "line": 94, "column": 20 }, "end": { "line": 94, "column": null } },
      "28": { "start": { "line": 100, "column": 4 }, "end": { "line": 100, "column": null } },
      "29": { "start": { "line": 110, "column": 4 }, "end": { "line": 110, "column": null } },
      "30": { "start": { "line": 106, "column": 20 }, "end": { "line": 106, "column": null } },
      "31": { "start": { "line": 107, "column": 20 }, "end": { "line": 107, "column": null } },
      "32": { "start": { "line": 108, "column": 20 }, "end": { "line": 108, "column": null } },
      "33": { "start": { "line": 114, "column": 4 }, "end": { "line": 114, "column": null } },
      "34": { "start": { "line": 124, "column": 4 }, "end": { "line": 124, "column": null } },
      "35": { "start": { "line": 125, "column": 4 }, "end": { "line": 125, "column": null } },
      "36": { "start": { "line": 126, "column": 4 }, "end": { "line": 126, "column": null } },
      "37": { "start": { "line": 127, "column": 4 }, "end": { "line": 127, "column": null } },
      "38": { "start": { "line": 135, "column": 4 }, "end": { "line": 135, "column": null } },
      "39": { "start": { "line": 141, "column": 4 }, "end": { "line": 141, "column": null } },
      "40": { "start": { "line": 142, "column": 4 }, "end": { "line": 142, "column": null } },
      "41": { "start": { "line": 143, "column": 4 }, "end": { "line": 143, "column": null } },
      "42": { "start": { "line": 150, "column": 4 }, "end": { "line": 150, "column": null } },
      "43": { "start": { "line": 156, "column": 4 }, "end": { "line": 156, "column": null } },
      "44": { "start": { "line": 157, "column": 4 }, "end": { "line": 157, "column": null } },
      "45": { "start": { "line": 158, "column": 4 }, "end": { "line": 158, "column": null } },
      "46": { "start": { "line": 165, "column": 4 }, "end": { "line": 165, "column": null } },
      "47": { "start": { "line": 176, "column": 4 }, "end": { "line": 176, "column": null } },
      "48": { "start": { "line": 177, "column": 4 }, "end": { "line": 177, "column": null } },
      "49": { "start": { "line": 178, "column": 4 }, "end": { "line": 178, "column": null } },
      "50": { "start": { "line": 179, "column": 4 }, "end": { "line": 179, "column": null } },
      "51": { "start": { "line": 180, "column": 4 }, "end": { "line": 180, "column": null } },
      "52": { "start": { "line": 189, "column": 4 }, "end": { "line": 189, "column": null } },
      "53": { "start": { "line": 195, "column": 4 }, "end": { "line": 195, "column": null } },
      "54": { "start": { "line": 196, "column": 4 }, "end": { "line": 196, "column": null } },
      "55": { "start": { "line": 197, "column": 4 }, "end": { "line": 197, "column": null } },
      "56": { "start": { "line": 204, "column": 4 }, "end": { "line": 204, "column": null } },
      "57": { "start": { "line": 210, "column": 4 }, "end": { "line": 210, "column": null } },
      "58": { "start": { "line": 211, "column": 4 }, "end": { "line": 211, "column": null } },
      "59": { "start": { "line": 212, "column": 4 }, "end": { "line": 212, "column": null } },
      "60": { "start": { "line": 219, "column": 4 }, "end": { "line": 219, "column": null } },
      "61": { "start": { "line": 225, "column": 4 }, "end": { "line": 225, "column": null } },
      "62": { "start": { "line": 226, "column": 4 }, "end": { "line": 226, "column": null } },
      "63": { "start": { "line": 227, "column": 4 }, "end": { "line": 227, "column": null } },
      "64": { "start": { "line": 234, "column": 4 }, "end": { "line": 234, "column": null } },
      "65": { "start": { "line": 245, "column": 4 }, "end": { "line": 245, "column": null } },
      "66": { "start": { "line": 246, "column": 4 }, "end": { "line": 246, "column": null } },
      "67": { "start": { "line": 247, "column": 4 }, "end": { "line": 247, "column": null } },
      "68": { "start": { "line": 248, "column": 4 }, "end": { "line": 248, "column": null } },
      "69": { "start": { "line": 249, "column": 4 }, "end": { "line": 249, "column": null } },
      "70": { "start": { "line": 258, "column": 4 }, "end": { "line": 258, "column": null } },
      "71": { "start": { "line": 264, "column": 4 }, "end": { "line": 264, "column": null } },
      "72": { "start": { "line": 265, "column": 4 }, "end": { "line": 265, "column": null } },
      "73": { "start": { "line": 266, "column": 4 }, "end": { "line": 266, "column": null } },
      "74": { "start": { "line": 273, "column": 4 }, "end": { "line": 273, "column": null } },
      "75": { "start": { "line": 279, "column": 4 }, "end": { "line": 279, "column": null } },
      "76": { "start": { "line": 280, "column": 4 }, "end": { "line": 280, "column": null } },
      "77": { "start": { "line": 281, "column": 4 }, "end": { "line": 281, "column": null } },
      "78": { "start": { "line": 288, "column": 4 }, "end": { "line": 288, "column": null } },
      "79": { "start": { "line": 294, "column": 4 }, "end": { "line": 294, "column": null } },
      "80": { "start": { "line": 295, "column": 4 }, "end": { "line": 295, "column": null } },
      "81": { "start": { "line": 301, "column": 4 }, "end": { "line": 301, "column": null } },
      "82": { "start": { "line": 311, "column": 4 }, "end": { "line": 311, "column": null } },
      "83": { "start": { "line": 312, "column": 4 }, "end": { "line": 312, "column": null } },
      "84": { "start": { "line": 313, "column": 4 }, "end": { "line": 313, "column": null } },
      "85": { "start": { "line": 314, "column": 4 }, "end": { "line": 314, "column": null } },
      "86": { "start": { "line": 322, "column": 4 }, "end": { "line": 322, "column": null } },
      "87": { "start": { "line": 328, "column": 4 }, "end": { "line": 328, "column": null } },
      "88": { "start": { "line": 329, "column": 4 }, "end": { "line": 329, "column": null } },
      "89": { "start": { "line": 335, "column": 4 }, "end": { "line": 335, "column": null } },
      "90": { "start": { "line": 341, "column": 4 }, "end": { "line": 341, "column": null } },
      "91": { "start": { "line": 342, "column": 4 }, "end": { "line": 342, "column": null } },
      "92": { "start": { "line": 348, "column": 4 }, "end": { "line": 348, "column": null } },
      "93": { "start": { "line": 354, "column": 4 }, "end": { "line": 354, "column": null } },
      "94": { "start": { "line": 355, "column": 4 }, "end": { "line": 355, "column": null } },
      "95": { "start": { "line": 356, "column": 4 }, "end": { "line": 356, "column": null } },
      "96": { "start": { "line": 357, "column": 4 }, "end": { "line": 357, "column": null } },
      "97": { "start": { "line": 365, "column": 4 }, "end": { "line": 365, "column": null } },
      "98": { "start": { "line": 375, "column": 4 }, "end": { "line": 375, "column": null } },
      "99": { "start": { "line": 376, "column": 4 }, "end": { "line": 376, "column": null } },
      "100": { "start": { "line": 377, "column": 4 }, "end": { "line": 377, "column": null } },
      "101": { "start": { "line": 378, "column": 4 }, "end": { "line": 378, "column": null } },
      "102": { "start": { "line": 386, "column": 4 }, "end": { "line": 386, "column": null } },
      "103": { "start": { "line": 392, "column": 4 }, "end": { "line": 392, "column": null } },
      "104": { "start": { "line": 393, "column": 4 }, "end": { "line": 393, "column": null } },
      "105": { "start": { "line": 394, "column": 4 }, "end": { "line": 394, "column": null } },
      "106": { "start": { "line": 395, "column": 4 }, "end": { "line": 395, "column": null } },
      "107": { "start": { "line": 403, "column": 4 }, "end": { "line": 403, "column": null } },
      "108": { "start": { "line": 409, "column": 4 }, "end": { "line": 409, "column": null } },
      "109": { "start": { "line": 410, "column": 4 }, "end": { "line": 410, "column": null } },
      "110": { "start": { "line": 416, "column": 4 }, "end": { "line": 416, "column": null } },
      "111": { "start": { "line": 429, "column": 4 }, "end": { "line": 429, "column": null } },
      "112": { "start": { "line": 426, "column": 20 }, "end": { "line": 426, "column": null } },
      "113": { "start": { "line": 427, "column": 20 }, "end": { "line": 427, "column": null } },
      "114": { "start": { "line": 433, "column": 4 }, "end": { "line": 433, "column": null } },
      "115": { "start": { "line": 442, "column": 4 }, "end": { "line": 442, "column": null } },
      "116": { "start": { "line": 439, "column": 20 }, "end": { "line": 439, "column": null } },
      "117": { "start": { "line": 440, "column": 20 }, "end": { "line": 440, "column": null } },
      "118": { "start": { "line": 446, "column": 4 }, "end": { "line": 446, "column": null } },
      "119": { "start": { "line": 452, "column": 4 }, "end": { "line": 452, "column": null } },
      "120": { "start": { "line": 451, "column": 30 }, "end": { "line": 451, "column": 47 } },
      "121": { "start": { "line": 456, "column": 4 }, "end": { "line": 456, "column": null } },
      "122": { "start": { "line": 462, "column": 4 }, "end": { "line": 462, "column": null } },
      "123": { "start": { "line": 461, "column": 30 }, "end": { "line": 461, "column": 47 } },
      "124": { "start": { "line": 466, "column": 4 }, "end": { "line": 466, "column": null } },
      "125": { "start": { "line": 476, "column": 4 }, "end": { "line": 476, "column": null } },
      "126": { "start": { "line": 477, "column": 4 }, "end": { "line": 477, "column": null } },
      "127": { "start": { "line": 483, "column": 4 }, "end": { "line": 483, "column": null } },
      "128": { "start": { "line": 489, "column": 4 }, "end": { "line": 489, "column": null } },
      "129": { "start": { "line": 490, "column": 4 }, "end": { "line": 490, "column": null } },
      "130": { "start": { "line": 496, "column": 4 }, "end": { "line": 496, "column": null } },
      "131": { "start": { "line": 502, "column": 4 }, "end": { "line": 502, "column": null } },
      "132": { "start": { "line": 503, "column": 4 }, "end": { "line": 503, "column": null } },
      "133": { "start": { "line": 504, "column": 4 }, "end": { "line": 504, "column": null } },
      "134": { "start": { "line": 511, "column": 4 }, "end": { "line": 511, "column": null } },
      "135": { "start": { "line": 517, "column": 4 }, "end": { "line": 517, "column": null } },
      "136": { "start": { "line": 521, "column": 4 }, "end": { "line": 521, "column": null } }
    },
    "fnMap": {
      "0": {
        "name": "(anonymous_0)",
        "decl": { "start": { "line": 8, "column": 2 }, "end": { "line": 8, "column": null } },
        "loc": { "start": { "line": 12, "column": 4 }, "end": { "line": 14, "column": null } },
        "line": 12
      },
      "1": {
        "name": "(anonymous_1)",
        "decl": { "start": { "line": 16, "column": 6 }, "end": { "line": 16, "column": 26 } },
        "loc": { "start": { "line": 16, "column": 26 }, "end": { "line": 18, "column": null } },
        "line": 16
      },
      "2": {
        "name": "(anonymous_2)",
        "decl": { "start": { "line": 22, "column": 2 }, "end": { "line": 22, "column": null } },
        "loc": { "start": { "line": 25, "column": 4 }, "end": { "line": 27, "column": null } },
        "line": 25
      },
      "3": {
        "name": "(anonymous_3)",
        "decl": { "start": { "line": 29, "column": 6 }, "end": { "line": 29, "column": 26 } },
        "loc": { "start": { "line": 29, "column": 26 }, "end": { "line": 31, "column": null } },
        "line": 29
      },
      "4": {
        "name": "(anonymous_4)",
        "decl": { "start": { "line": 35, "column": 2 }, "end": { "line": 35, "column": null } },
        "loc": { "start": { "line": 38, "column": 4 }, "end": { "line": 40, "column": null } },
        "line": 38
      },
      "5": {
        "name": "(anonymous_5)",
        "decl": { "start": { "line": 42, "column": 6 }, "end": { "line": 42, "column": 26 } },
        "loc": { "start": { "line": 42, "column": 26 }, "end": { "line": 44, "column": null } },
        "line": 42
      },
      "6": {
        "name": "(anonymous_6)",
        "decl": { "start": { "line": 52, "column": 2 }, "end": { "line": 52, "column": 30 } },
        "loc": { "start": { "line": 52, "column": 48 }, "end": { "line": 54, "column": null } },
        "line": 52
      },
      "7": {
        "name": "(anonymous_7)",
        "decl": { "start": { "line": 56, "column": 6 }, "end": { "line": 56, "column": 26 } },
        "loc": { "start": { "line": 56, "column": 26 }, "end": { "line": 58, "column": null } },
        "line": 56
      },
      "8": {
        "name": "(anonymous_8)",
        "decl": { "start": { "line": 62, "column": 2 }, "end": { "line": 62, "column": 30 } },
        "loc": { "start": { "line": 62, "column": 48 }, "end": { "line": 64, "column": null } },
        "line": 62
      },
      "9": {
        "name": "(anonymous_9)",
        "decl": { "start": { "line": 66, "column": 6 }, "end": { "line": 66, "column": 26 } },
        "loc": { "start": { "line": 66, "column": 26 }, "end": { "line": 68, "column": null } },
        "line": 66
      },
      "10": {
        "name": "(anonymous_10)",
        "decl": { "start": { "line": 72, "column": 2 }, "end": { "line": 72, "column": 30 } },
        "loc": { "start": { "line": 72, "column": 48 }, "end": { "line": 74, "column": null } },
        "line": 72
      },
      "11": {
        "name": "(anonymous_11)",
        "decl": { "start": { "line": 76, "column": 6 }, "end": { "line": 76, "column": 26 } },
        "loc": { "start": { "line": 76, "column": 26 }, "end": { "line": 78, "column": null } },
        "line": 76
      },
      "12": {
        "name": "(anonymous_12)",
        "decl": { "start": { "line": 82, "column": 2 }, "end": { "line": 82, "column": 30 } },
        "loc": { "start": { "line": 82, "column": 48 }, "end": { "line": 84, "column": null } },
        "line": 82
      },
      "13": {
        "name": "(anonymous_13)",
        "decl": { "start": { "line": 86, "column": 6 }, "end": { "line": 86, "column": 26 } },
        "loc": { "start": { "line": 86, "column": 26 }, "end": { "line": 88, "column": null } },
        "line": 86
      },
      "14": {
        "name": "(anonymous_14)",
        "decl": { "start": { "line": 92, "column": 2 }, "end": { "line": 92, "column": null } },
        "loc": { "start": { "line": 95, "column": 4 }, "end": { "line": 97, "column": null } },
        "line": 95
      },
      "15": {
        "name": "(anonymous_15)",
        "decl": { "start": { "line": 99, "column": 6 }, "end": { "line": 99, "column": 26 } },
        "loc": { "start": { "line": 99, "column": 26 }, "end": { "line": 101, "column": null } },
        "line": 99
      },
      "16": {
        "name": "(anonymous_16)",
        "decl": { "start": { "line": 105, "column": 2 }, "end": { "line": 105, "column": null } },
        "loc": { "start": { "line": 109, "column": 4 }, "end": { "line": 111, "column": null } },
        "line": 109
      },
      "17": {
        "name": "(anonymous_17)",
        "decl": { "start": { "line": 113, "column": 6 }, "end": { "line": 113, "column": 26 } },
        "loc": { "start": { "line": 113, "column": 26 }, "end": { "line": 115, "column": null } },
        "line": 113
      },
      "18": {
        "name": "(anonymous_18)",
        "decl": { "start": { "line": 123, "column": 2 }, "end": { "line": 123, "column": 14 } },
        "loc": { "start": { "line": 123, "column": 74 }, "end": { "line": 128, "column": null } },
        "line": 123
      },
      "19": {
        "name": "(anonymous_19)",
        "decl": { "start": { "line": 134, "column": 6 }, "end": { "line": 134, "column": 26 } },
        "loc": { "start": { "line": 134, "column": 26 }, "end": { "line": 136, "column": null } },
        "line": 134
      },
      "20": {
        "name": "(anonymous_20)",
        "decl": { "start": { "line": 140, "column": 2 }, "end": { "line": 140, "column": 14 } },
        "loc": { "start": { "line": 140, "column": 60 }, "end": { "line": 144, "column": null } },
        "line": 140
      },
      "21": {
        "name": "(anonymous_21)",
        "decl": { "start": { "line": 149, "column": 6 }, "end": { "line": 149, "column": 26 } },
        "loc": { "start": { "line": 149, "column": 26 }, "end": { "line": 151, "column": null } },
        "line": 149
      },
      "22": {
        "name": "(anonymous_22)",
        "decl": { "start": { "line": 155, "column": 2 }, "end": { "line": 155, "column": 14 } },
        "loc": { "start": { "line": 155, "column": 63 }, "end": { "line": 159, "column": null } },
        "line": 155
      },
      "23": {
        "name": "(anonymous_23)",
        "decl": { "start": { "line": 164, "column": 6 }, "end": { "line": 164, "column": 26 } },
        "loc": { "start": { "line": 164, "column": 26 }, "end": { "line": 166, "column": null } },
        "line": 164
      },
      "24": {
        "name": "(anonymous_24)",
        "decl": { "start": { "line": 170, "column": 2 }, "end": { "line": 170, "column": 14 } },
        "loc": { "start": { "line": 175, "column": 5 }, "end": { "line": 181, "column": null } },
        "line": 175
      },
      "25": {
        "name": "(anonymous_25)",
        "decl": { "start": { "line": 188, "column": 6 }, "end": { "line": 188, "column": 26 } },
        "loc": { "start": { "line": 188, "column": 26 }, "end": { "line": 190, "column": null } },
        "line": 188
      },
      "26": {
        "name": "(anonymous_26)",
        "decl": { "start": { "line": 194, "column": 2 }, "end": { "line": 194, "column": 14 } },
        "loc": { "start": { "line": 194, "column": 63 }, "end": { "line": 198, "column": null } },
        "line": 194
      },
      "27": {
        "name": "(anonymous_27)",
        "decl": { "start": { "line": 203, "column": 6 }, "end": { "line": 203, "column": 26 } },
        "loc": { "start": { "line": 203, "column": 26 }, "end": { "line": 205, "column": null } },
        "line": 203
      },
      "28": {
        "name": "(anonymous_28)",
        "decl": { "start": { "line": 209, "column": 2 }, "end": { "line": 209, "column": 14 } },
        "loc": { "start": { "line": 209, "column": 57 }, "end": { "line": 213, "column": null } },
        "line": 209
      },
      "29": {
        "name": "(anonymous_29)",
        "decl": { "start": { "line": 218, "column": 6 }, "end": { "line": 218, "column": 26 } },
        "loc": { "start": { "line": 218, "column": 26 }, "end": { "line": 220, "column": null } },
        "line": 218
      },
      "30": {
        "name": "(anonymous_30)",
        "decl": { "start": { "line": 224, "column": 2 }, "end": { "line": 224, "column": 14 } },
        "loc": { "start": { "line": 224, "column": 63 }, "end": { "line": 228, "column": null } },
        "line": 224
      },
      "31": {
        "name": "(anonymous_31)",
        "decl": { "start": { "line": 233, "column": 6 }, "end": { "line": 233, "column": 26 } },
        "loc": { "start": { "line": 233, "column": 26 }, "end": { "line": 235, "column": null } },
        "line": 233
      },
      "32": {
        "name": "(anonymous_32)",
        "decl": { "start": { "line": 239, "column": 2 }, "end": { "line": 239, "column": 14 } },
        "loc": { "start": { "line": 244, "column": 5 }, "end": { "line": 250, "column": null } },
        "line": 244
      },
      "33": {
        "name": "(anonymous_33)",
        "decl": { "start": { "line": 257, "column": 6 }, "end": { "line": 257, "column": 26 } },
        "loc": { "start": { "line": 257, "column": 26 }, "end": { "line": 259, "column": null } },
        "line": 257
      },
      "34": {
        "name": "(anonymous_34)",
        "decl": { "start": { "line": 263, "column": 2 }, "end": { "line": 263, "column": 14 } },
        "loc": { "start": { "line": 263, "column": 63 }, "end": { "line": 267, "column": null } },
        "line": 263
      },
      "35": {
        "name": "(anonymous_35)",
        "decl": { "start": { "line": 272, "column": 6 }, "end": { "line": 272, "column": 26 } },
        "loc": { "start": { "line": 272, "column": 26 }, "end": { "line": 274, "column": null } },
        "line": 272
      },
      "36": {
        "name": "(anonymous_36)",
        "decl": { "start": { "line": 278, "column": 2 }, "end": { "line": 278, "column": 14 } },
        "loc": { "start": { "line": 278, "column": 57 }, "end": { "line": 282, "column": null } },
        "line": 278
      },
      "37": {
        "name": "(anonymous_37)",
        "decl": { "start": { "line": 287, "column": 6 }, "end": { "line": 287, "column": 26 } },
        "loc": { "start": { "line": 287, "column": 26 }, "end": { "line": 289, "column": null } },
        "line": 287
      },
      "38": {
        "name": "(anonymous_38)",
        "decl": { "start": { "line": 293, "column": 2 }, "end": { "line": 293, "column": 14 } },
        "loc": { "start": { "line": 293, "column": 42 }, "end": { "line": 296, "column": null } },
        "line": 293
      },
      "39": {
        "name": "(anonymous_39)",
        "decl": { "start": { "line": 300, "column": 6 }, "end": { "line": 300, "column": 26 } },
        "loc": { "start": { "line": 300, "column": 26 }, "end": { "line": 302, "column": null } },
        "line": 300
      },
      "40": {
        "name": "(anonymous_40)",
        "decl": { "start": { "line": 310, "column": 2 }, "end": { "line": 310, "column": 14 } },
        "loc": { "start": { "line": 310, "column": 60 }, "end": { "line": 315, "column": null } },
        "line": 310
      },
      "41": {
        "name": "(anonymous_41)",
        "decl": { "start": { "line": 321, "column": 6 }, "end": { "line": 321, "column": 26 } },
        "loc": { "start": { "line": 321, "column": 26 }, "end": { "line": 323, "column": null } },
        "line": 321
      },
      "42": {
        "name": "(anonymous_42)",
        "decl": { "start": { "line": 327, "column": 2 }, "end": { "line": 327, "column": 14 } },
        "loc": { "start": { "line": 327, "column": 42 }, "end": { "line": 330, "column": null } },
        "line": 327
      },
      "43": {
        "name": "(anonymous_43)",
        "decl": { "start": { "line": 334, "column": 6 }, "end": { "line": 334, "column": 26 } },
        "loc": { "start": { "line": 334, "column": 26 }, "end": { "line": 336, "column": null } },
        "line": 334
      },
      "44": {
        "name": "(anonymous_44)",
        "decl": { "start": { "line": 340, "column": 2 }, "end": { "line": 340, "column": 14 } },
        "loc": { "start": { "line": 340, "column": 42 }, "end": { "line": 343, "column": null } },
        "line": 340
      },
      "45": {
        "name": "(anonymous_45)",
        "decl": { "start": { "line": 347, "column": 6 }, "end": { "line": 347, "column": 26 } },
        "loc": { "start": { "line": 347, "column": 26 }, "end": { "line": 349, "column": null } },
        "line": 347
      },
      "46": {
        "name": "(anonymous_46)",
        "decl": { "start": { "line": 353, "column": 2 }, "end": { "line": 353, "column": 14 } },
        "loc": { "start": { "line": 353, "column": 77 }, "end": { "line": 358, "column": null } },
        "line": 353
      },
      "47": {
        "name": "(anonymous_47)",
        "decl": { "start": { "line": 364, "column": 6 }, "end": { "line": 364, "column": 26 } },
        "loc": { "start": { "line": 364, "column": 26 }, "end": { "line": 366, "column": null } },
        "line": 364
      },
      "48": {
        "name": "(anonymous_48)",
        "decl": { "start": { "line": 374, "column": 2 }, "end": { "line": 374, "column": 14 } },
        "loc": { "start": { "line": 374, "column": 77 }, "end": { "line": 379, "column": null } },
        "line": 374
      },
      "49": {
        "name": "(anonymous_49)",
        "decl": { "start": { "line": 385, "column": 6 }, "end": { "line": 385, "column": 26 } },
        "loc": { "start": { "line": 385, "column": 26 }, "end": { "line": 387, "column": null } },
        "line": 385
      },
      "50": {
        "name": "(anonymous_50)",
        "decl": { "start": { "line": 391, "column": 2 }, "end": { "line": 391, "column": 14 } },
        "loc": { "start": { "line": 391, "column": 77 }, "end": { "line": 396, "column": null } },
        "line": 391
      },
      "51": {
        "name": "(anonymous_51)",
        "decl": { "start": { "line": 402, "column": 6 }, "end": { "line": 402, "column": 26 } },
        "loc": { "start": { "line": 402, "column": 26 }, "end": { "line": 404, "column": null } },
        "line": 402
      },
      "52": {
        "name": "(anonymous_52)",
        "decl": { "start": { "line": 408, "column": 2 }, "end": { "line": 408, "column": 14 } },
        "loc": { "start": { "line": 408, "column": 42 }, "end": { "line": 411, "column": null } },
        "line": 408
      },
      "53": {
        "name": "(anonymous_53)",
        "decl": { "start": { "line": 415, "column": 6 }, "end": { "line": 415, "column": 26 } },
        "loc": { "start": { "line": 415, "column": 26 }, "end": { "line": 417, "column": null } },
        "line": 415
      },
      "54": {
        "name": "(anonymous_54)",
        "decl": { "start": { "line": 425, "column": 2 }, "end": { "line": 425, "column": null } },
        "loc": { "start": { "line": 428, "column": 4 }, "end": { "line": 430, "column": null } },
        "line": 428
      },
      "55": {
        "name": "(anonymous_55)",
        "decl": { "start": { "line": 432, "column": 6 }, "end": { "line": 432, "column": 26 } },
        "loc": { "start": { "line": 432, "column": 26 }, "end": { "line": 434, "column": null } },
        "line": 432
      },
      "56": {
        "name": "(anonymous_56)",
        "decl": { "start": { "line": 438, "column": 2 }, "end": { "line": 438, "column": null } },
        "loc": { "start": { "line": 441, "column": 4 }, "end": { "line": 443, "column": null } },
        "line": 441
      },
      "57": {
        "name": "(anonymous_57)",
        "decl": { "start": { "line": 445, "column": 6 }, "end": { "line": 445, "column": 26 } },
        "loc": { "start": { "line": 445, "column": 26 }, "end": { "line": 447, "column": null } },
        "line": 445
      },
      "58": {
        "name": "(anonymous_58)",
        "decl": { "start": { "line": 451, "column": 2 }, "end": { "line": 451, "column": 30 } },
        "loc": { "start": { "line": 451, "column": 47 }, "end": { "line": 453, "column": null } },
        "line": 451
      },
      "59": {
        "name": "(anonymous_59)",
        "decl": { "start": { "line": 455, "column": 6 }, "end": { "line": 455, "column": 26 } },
        "loc": { "start": { "line": 455, "column": 26 }, "end": { "line": 457, "column": null } },
        "line": 455
      },
      "60": {
        "name": "(anonymous_60)",
        "decl": { "start": { "line": 461, "column": 2 }, "end": { "line": 461, "column": 30 } },
        "loc": { "start": { "line": 461, "column": 47 }, "end": { "line": 463, "column": null } },
        "line": 461
      },
      "61": {
        "name": "(anonymous_61)",
        "decl": { "start": { "line": 465, "column": 6 }, "end": { "line": 465, "column": 26 } },
        "loc": { "start": { "line": 465, "column": 26 }, "end": { "line": 467, "column": null } },
        "line": 465
      },
      "62": {
        "name": "(anonymous_62)",
        "decl": { "start": { "line": 475, "column": 2 }, "end": { "line": 475, "column": 14 } },
        "loc": { "start": { "line": 475, "column": 42 }, "end": { "line": 478, "column": null } },
        "line": 475
      },
      "63": {
        "name": "(anonymous_63)",
        "decl": { "start": { "line": 482, "column": 6 }, "end": { "line": 482, "column": 26 } },
        "loc": { "start": { "line": 482, "column": 26 }, "end": { "line": 484, "column": null } },
        "line": 482
      },
      "64": {
        "name": "(anonymous_64)",
        "decl": { "start": { "line": 488, "column": 2 }, "end": { "line": 488, "column": 14 } },
        "loc": { "start": { "line": 488, "column": 42 }, "end": { "line": 491, "column": null } },
        "line": 488
      },
      "65": {
        "name": "(anonymous_65)",
        "decl": { "start": { "line": 495, "column": 6 }, "end": { "line": 495, "column": 26 } },
        "loc": { "start": { "line": 495, "column": 26 }, "end": { "line": 497, "column": null } },
        "line": 495
      },
      "66": {
        "name": "(anonymous_66)",
        "decl": { "start": { "line": 501, "column": 2 }, "end": { "line": 501, "column": 14 } },
        "loc": { "start": { "line": 501, "column": 56 }, "end": { "line": 505, "column": null } },
        "line": 501
      },
      "67": {
        "name": "(anonymous_67)",
        "decl": { "start": { "line": 510, "column": 6 }, "end": { "line": 510, "column": 26 } },
        "loc": { "start": { "line": 510, "column": 26 }, "end": { "line": 512, "column": null } },
        "line": 510
      },
      "68": {
        "name": "(anonymous_68)",
        "decl": { "start": { "line": 516, "column": 2 }, "end": { "line": 516, "column": 16 } },
        "loc": { "start": { "line": 516, "column": 16 }, "end": { "line": 518, "column": null } },
        "line": 516
      },
      "69": {
        "name": "(anonymous_69)",
        "decl": { "start": { "line": 520, "column": 6 }, "end": { "line": 520, "column": 26 } },
        "loc": { "start": { "line": 520, "column": 26 }, "end": { "line": 522, "column": null } },
        "line": 520
      }
    },
    "branchMap": {
      "0": {
        "loc": { "start": { "line": 158, "column": 22 }, "end": { "line": 158, "column": null } },
        "type": "binary-expr",
        "locations": [
          { "start": { "line": 158, "column": 22 }, "end": { "line": 158, "column": 41 } },
          { "start": { "line": 158, "column": 41 }, "end": { "line": 158, "column": null } }
        ],
        "line": 158
      },
      "1": {
        "loc": { "start": { "line": 197, "column": 22 }, "end": { "line": 197, "column": null } },
        "type": "binary-expr",
        "locations": [
          { "start": { "line": 197, "column": 22 }, "end": { "line": 197, "column": 41 } },
          { "start": { "line": 197, "column": 41 }, "end": { "line": 197, "column": null } }
        ],
        "line": 197
      },
      "2": {
        "loc": { "start": { "line": 227, "column": 22 }, "end": { "line": 227, "column": null } },
        "type": "binary-expr",
        "locations": [
          { "start": { "line": 227, "column": 22 }, "end": { "line": 227, "column": 41 } },
          { "start": { "line": 227, "column": 41 }, "end": { "line": 227, "column": null } }
        ],
        "line": 227
      },
      "3": {
        "loc": { "start": { "line": 266, "column": 22 }, "end": { "line": 266, "column": null } },
        "type": "binary-expr",
        "locations": [
          { "start": { "line": 266, "column": 22 }, "end": { "line": 266, "column": 41 } },
          { "start": { "line": 266, "column": 41 }, "end": { "line": 266, "column": null } }
        ],
        "line": 266
      }
    },
    "s": {
      "0": 1,
      "1": 1,
      "2": 1,
      "3": 1,
      "4": 1,
      "5": 1,
      "6": 1,
      "7": 1,
      "8": 1,
      "9": 1,
      "10": 1,
      "11": 1,
      "12": 1,
      "13": 1,
      "14": 1,
      "15": 1,
      "16": 1,
      "17": 1,
      "18": 1,
      "19": 1,
      "20": 1,
      "21": 1,
      "22": 1,
      "23": 1,
      "24": 1,
      "25": 1,
      "26": 1,
      "27": 1,
      "28": 1,
      "29": 1,
      "30": 1,
      "31": 1,
      "32": 1,
      "33": 1,
      "34": 1,
      "35": 1,
      "36": 1,
      "37": 1,
      "38": 1,
      "39": 1,
      "40": 1,
      "41": 1,
      "42": 1,
      "43": 2,
      "44": 2,
      "45": 2,
      "46": 1,
      "47": 1,
      "48": 1,
      "49": 1,
      "50": 1,
      "51": 1,
      "52": 1,
      "53": 1,
      "54": 1,
      "55": 1,
      "56": 1,
      "57": 1,
      "58": 1,
      "59": 1,
      "60": 1,
      "61": 1,
      "62": 1,
      "63": 1,
      "64": 1,
      "65": 1,
      "66": 1,
      "67": 1,
      "68": 1,
      "69": 1,
      "70": 1,
      "71": 1,
      "72": 1,
      "73": 1,
      "74": 1,
      "75": 1,
      "76": 1,
      "77": 1,
      "78": 1,
      "79": 1,
      "80": 1,
      "81": 1,
      "82": 1,
      "83": 1,
      "84": 1,
      "85": 1,
      "86": 1,
      "87": 1,
      "88": 1,
      "89": 1,
      "90": 1,
      "91": 1,
      "92": 1,
      "93": 1,
      "94": 1,
      "95": 1,
      "96": 1,
      "97": 1,
      "98": 1,
      "99": 1,
      "100": 1,
      "101": 1,
      "102": 1,
      "103": 1,
      "104": 1,
      "105": 1,
      "106": 1,
      "107": 1,
      "108": 1,
      "109": 1,
      "110": 1,
      "111": 1,
      "112": 1,
      "113": 1,
      "114": 1,
      "115": 1,
      "116": 1,
      "117": 1,
      "118": 1,
      "119": 1,
      "120": 1,
      "121": 1,
      "122": 1,
      "123": 1,
      "124": 1,
      "125": 1,
      "126": 1,
      "127": 1,
      "128": 1,
      "129": 1,
      "130": 1,
      "131": 1,
      "132": 1,
      "133": 1,
      "134": 1,
      "135": 1,
      "136": 1
    },
    "f": {
      "0": 1,
      "1": 1,
      "2": 1,
      "3": 1,
      "4": 1,
      "5": 1,
      "6": 1,
      "7": 1,
      "8": 1,
      "9": 1,
      "10": 1,
      "11": 1,
      "12": 1,
      "13": 1,
      "14": 1,
      "15": 1,
      "16": 1,
      "17": 1,
      "18": 1,
      "19": 1,
      "20": 1,
      "21": 1,
      "22": 2,
      "23": 1,
      "24": 1,
      "25": 1,
      "26": 1,
      "27": 1,
      "28": 1,
      "29": 1,
      "30": 1,
      "31": 1,
      "32": 1,
      "33": 1,
      "34": 1,
      "35": 1,
      "36": 1,
      "37": 1,
      "38": 1,
      "39": 1,
      "40": 1,
      "41": 1,
      "42": 1,
      "43": 1,
      "44": 1,
      "45": 1,
      "46": 1,
      "47": 1,
      "48": 1,
      "49": 1,
      "50": 1,
      "51": 1,
      "52": 1,
      "53": 1,
      "54": 1,
      "55": 1,
      "56": 1,
      "57": 1,
      "58": 1,
      "59": 1,
      "60": 1,
      "61": 1,
      "62": 1,
      "63": 1,
      "64": 1,
      "65": 1,
      "66": 1,
      "67": 1,
      "68": 1,
      "69": 1
    },
    "b": { "0": [2, 1], "1": [1, 0], "2": [1, 0], "3": [1, 0] },
    "meta": {
      "lastBranch": 4,
      "lastFunction": 70,
      "lastStatement": 137,
      "seen": {
        "f:8:2:8:Infinity": 0,
        "s:13:4:13:Infinity": 0,
        "s:9:20:9:Infinity": 1,
        "s:10:20:10:Infinity": 2,
        "s:11:20:11:Infinity": 3,
        "f:16:6:16:26": 1,
        "s:17:4:17:Infinity": 4,
        "f:22:2:22:Infinity": 2,
        "s:26:4:26:Infinity": 5,
        "s:23:20:23:Infinity": 6,
        "s:24:20:24:Infinity": 7,
        "f:29:6:29:26": 3,
        "s:30:4:30:Infinity": 8,
        "f:35:2:35:Infinity": 4,
        "s:39:4:39:Infinity": 9,
        "s:36:20:36:Infinity": 10,
        "s:37:20:37:Infinity": 11,
        "f:42:6:42:26": 5,
        "s:43:4:43:Infinity": 12,
        "f:52:2:52:30": 6,
        "s:53:4:53:Infinity": 13,
        "s:52:30:52:48": 14,
        "f:56:6:56:26": 7,
        "s:57:4:57:Infinity": 15,
        "f:62:2:62:30": 8,
        "s:63:4:63:Infinity": 16,
        "s:62:30:62:48": 17,
        "f:66:6:66:26": 9,
        "s:67:4:67:Infinity": 18,
        "f:72:2:72:30": 10,
        "s:73:4:73:Infinity": 19,
        "s:72:30:72:48": 20,
        "f:76:6:76:26": 11,
        "s:77:4:77:Infinity": 21,
        "f:82:2:82:30": 12,
        "s:83:4:83:Infinity": 22,
        "s:82:30:82:48": 23,
        "f:86:6:86:26": 13,
        "s:87:4:87:Infinity": 24,
        "f:92:2:92:Infinity": 14,
        "s:96:4:96:Infinity": 25,
        "s:93:20:93:Infinity": 26,
        "s:94:20:94:Infinity": 27,
        "f:99:6:99:26": 15,
        "s:100:4:100:Infinity": 28,
        "f:105:2:105:Infinity": 16,
        "s:110:4:110:Infinity": 29,
        "s:106:20:106:Infinity": 30,
        "s:107:20:107:Infinity": 31,
        "s:108:20:108:Infinity": 32,
        "f:113:6:113:26": 17,
        "s:114:4:114:Infinity": 33,
        "f:123:2:123:14": 18,
        "s:124:4:124:Infinity": 34,
        "s:125:4:125:Infinity": 35,
        "s:126:4:126:Infinity": 36,
        "s:127:4:127:Infinity": 37,
        "f:134:6:134:26": 19,
        "s:135:4:135:Infinity": 38,
        "f:140:2:140:14": 20,
        "s:141:4:141:Infinity": 39,
        "s:142:4:142:Infinity": 40,
        "s:143:4:143:Infinity": 41,
        "f:149:6:149:26": 21,
        "s:150:4:150:Infinity": 42,
        "f:155:2:155:14": 22,
        "s:156:4:156:Infinity": 43,
        "s:157:4:157:Infinity": 44,
        "s:158:4:158:Infinity": 45,
        "b:158:22:158:41:158:41:158:Infinity": 0,
        "f:164:6:164:26": 23,
        "s:165:4:165:Infinity": 46,
        "f:170:2:170:14": 24,
        "s:176:4:176:Infinity": 47,
        "s:177:4:177:Infinity": 48,
        "s:178:4:178:Infinity": 49,
        "s:179:4:179:Infinity": 50,
        "s:180:4:180:Infinity": 51,
        "f:188:6:188:26": 25,
        "s:189:4:189:Infinity": 52,
        "f:194:2:194:14": 26,
        "s:195:4:195:Infinity": 53,
        "s:196:4:196:Infinity": 54,
        "s:197:4:197:Infinity": 55,
        "b:197:22:197:41:197:41:197:Infinity": 1,
        "f:203:6:203:26": 27,
        "s:204:4:204:Infinity": 56,
        "f:209:2:209:14": 28,
        "s:210:4:210:Infinity": 57,
        "s:211:4:211:Infinity": 58,
        "s:212:4:212:Infinity": 59,
        "f:218:6:218:26": 29,
        "s:219:4:219:Infinity": 60,
        "f:224:2:224:14": 30,
        "s:225:4:225:Infinity": 61,
        "s:226:4:226:Infinity": 62,
        "s:227:4:227:Infinity": 63,
        "b:227:22:227:41:227:41:227:Infinity": 2,
        "f:233:6:233:26": 31,
        "s:234:4:234:Infinity": 64,
        "f:239:2:239:14": 32,
        "s:245:4:245:Infinity": 65,
        "s:246:4:246:Infinity": 66,
        "s:247:4:247:Infinity": 67,
        "s:248:4:248:Infinity": 68,
        "s:249:4:249:Infinity": 69,
        "f:257:6:257:26": 33,
        "s:258:4:258:Infinity": 70,
        "f:263:2:263:14": 34,
        "s:264:4:264:Infinity": 71,
        "s:265:4:265:Infinity": 72,
        "s:266:4:266:Infinity": 73,
        "b:266:22:266:41:266:41:266:Infinity": 3,
        "f:272:6:272:26": 35,
        "s:273:4:273:Infinity": 74,
        "f:278:2:278:14": 36,
        "s:279:4:279:Infinity": 75,
        "s:280:4:280:Infinity": 76,
        "s:281:4:281:Infinity": 77,
        "f:287:6:287:26": 37,
        "s:288:4:288:Infinity": 78,
        "f:293:2:293:14": 38,
        "s:294:4:294:Infinity": 79,
        "s:295:4:295:Infinity": 80,
        "f:300:6:300:26": 39,
        "s:301:4:301:Infinity": 81,
        "f:310:2:310:14": 40,
        "s:311:4:311:Infinity": 82,
        "s:312:4:312:Infinity": 83,
        "s:313:4:313:Infinity": 84,
        "s:314:4:314:Infinity": 85,
        "f:321:6:321:26": 41,
        "s:322:4:322:Infinity": 86,
        "f:327:2:327:14": 42,
        "s:328:4:328:Infinity": 87,
        "s:329:4:329:Infinity": 88,
        "f:334:6:334:26": 43,
        "s:335:4:335:Infinity": 89,
        "f:340:2:340:14": 44,
        "s:341:4:341:Infinity": 90,
        "s:342:4:342:Infinity": 91,
        "f:347:6:347:26": 45,
        "s:348:4:348:Infinity": 92,
        "f:353:2:353:14": 46,
        "s:354:4:354:Infinity": 93,
        "s:355:4:355:Infinity": 94,
        "s:356:4:356:Infinity": 95,
        "s:357:4:357:Infinity": 96,
        "f:364:6:364:26": 47,
        "s:365:4:365:Infinity": 97,
        "f:374:2:374:14": 48,
        "s:375:4:375:Infinity": 98,
        "s:376:4:376:Infinity": 99,
        "s:377:4:377:Infinity": 100,
        "s:378:4:378:Infinity": 101,
        "f:385:6:385:26": 49,
        "s:386:4:386:Infinity": 102,
        "f:391:2:391:14": 50,
        "s:392:4:392:Infinity": 103,
        "s:393:4:393:Infinity": 104,
        "s:394:4:394:Infinity": 105,
        "s:395:4:395:Infinity": 106,
        "f:402:6:402:26": 51,
        "s:403:4:403:Infinity": 107,
        "f:408:2:408:14": 52,
        "s:409:4:409:Infinity": 108,
        "s:410:4:410:Infinity": 109,
        "f:415:6:415:26": 53,
        "s:416:4:416:Infinity": 110,
        "f:425:2:425:Infinity": 54,
        "s:429:4:429:Infinity": 111,
        "s:426:20:426:Infinity": 112,
        "s:427:20:427:Infinity": 113,
        "f:432:6:432:26": 55,
        "s:433:4:433:Infinity": 114,
        "f:438:2:438:Infinity": 56,
        "s:442:4:442:Infinity": 115,
        "s:439:20:439:Infinity": 116,
        "s:440:20:440:Infinity": 117,
        "f:445:6:445:26": 57,
        "s:446:4:446:Infinity": 118,
        "f:451:2:451:30": 58,
        "s:452:4:452:Infinity": 119,
        "s:451:30:451:47": 120,
        "f:455:6:455:26": 59,
        "s:456:4:456:Infinity": 121,
        "f:461:2:461:30": 60,
        "s:462:4:462:Infinity": 122,
        "s:461:30:461:47": 123,
        "f:465:6:465:26": 61,
        "s:466:4:466:Infinity": 124,
        "f:475:2:475:14": 62,
        "s:476:4:476:Infinity": 125,
        "s:477:4:477:Infinity": 126,
        "f:482:6:482:26": 63,
        "s:483:4:483:Infinity": 127,
        "f:488:2:488:14": 64,
        "s:489:4:489:Infinity": 128,
        "s:490:4:490:Infinity": 129,
        "f:495:6:495:26": 65,
        "s:496:4:496:Infinity": 130,
        "f:501:2:501:14": 66,
        "s:502:4:502:Infinity": 131,
        "s:503:4:503:Infinity": 132,
        "s:504:4:504:Infinity": 133,
        "f:510:6:510:26": 67,
        "s:511:4:511:Infinity": 134,
        "f:516:2:516:16": 68,
        "s:517:4:517:Infinity": 135,
        "f:520:6:520:26": 69,
        "s:521:4:521:Infinity": 136
      }
    }
  },
  "C:\\WWW\\Pass the host\\src\\contexts\\shared\\infrastructure\\event-bus\\EventBus.ts": {
    "path": "C:\\WWW\\Pass the host\\src\\contexts\\shared\\infrastructure\\event-bus\\EventBus.ts",
    "statementMap": {
      "0": { "start": { "line": 18, "column": 4 }, "end": { "line": 18, "column": null } },
      "1": { "start": { "line": 25, "column": 4 }, "end": { "line": 27, "column": null } },
      "2": { "start": { "line": 26, "column": 6 }, "end": { "line": 26, "column": null } },
      "3": { "start": { "line": 28, "column": 4 }, "end": { "line": 28, "column": null } },
      "4": { "start": { "line": 35, "column": 4 }, "end": { "line": 38, "column": null } },
      "5": { "start": { "line": 41, "column": 4 }, "end": { "line": 41, "column": null } },
      "6": { "start": { "line": 44, "column": 4 }, "end": { "line": 44, "column": null } },
      "7": { "start": { "line": 51, "column": 4 }, "end": { "line": 51, "column": null } },
      "8": { "start": { "line": 51, "column": 30 }, "end": { "line": 51, "column": 49 } },
      "9": { "start": { "line": 58, "column": 4 }, "end": { "line": 58, "column": null } },
      "10": { "start": { "line": 65, "column": 4 }, "end": { "line": 65, "column": null } },
      "11": { "start": { "line": 72, "column": 4 }, "end": { "line": 72, "column": null } },
      "12": { "start": { "line": 79, "column": 4 }, "end": { "line": 79, "column": null } },
      "13": { "start": { "line": 86, "column": 4 }, "end": { "line": 90, "column": null } },
      "14": { "start": { "line": 87, "column": 6 }, "end": { "line": 87, "column": null } },
      "15": { "start": { "line": 89, "column": 6 }, "end": { "line": 89, "column": null } },
      "16": { "start": { "line": 97, "column": 4 }, "end": { "line": 97, "column": null } },
      "17": { "start": { "line": 104, "column": 4 }, "end": { "line": 104, "column": null } },
      "18": { "start": { "line": 111, "column": 24 }, "end": { "line": 111, "column": null } }
    },
    "fnMap": {
      "0": {
        "name": "(anonymous_0)",
        "decl": { "start": { "line": 17, "column": 10 }, "end": { "line": 17, "column": 24 } },
        "loc": { "start": { "line": 17, "column": 24 }, "end": { "line": 19, "column": null } },
        "line": 17
      },
      "1": {
        "name": "(anonymous_1)",
        "decl": { "start": { "line": 24, "column": 16 }, "end": { "line": 24, "column": 40 } },
        "loc": { "start": { "line": 24, "column": 40 }, "end": { "line": 29, "column": null } },
        "line": 24
      },
      "2": {
        "name": "(anonymous_2)",
        "decl": { "start": { "line": 34, "column": 9 }, "end": { "line": 34, "column": 40 } },
        "loc": { "start": { "line": 34, "column": 56 }, "end": { "line": 45, "column": null } },
        "line": 34
      },
      "3": {
        "name": "(anonymous_3)",
        "decl": { "start": { "line": 50, "column": 9 }, "end": { "line": 50, "column": 20 } },
        "loc": { "start": { "line": 50, "column": 49 }, "end": { "line": 52, "column": null } },
        "line": 50
      },
      "4": {
        "name": "(anonymous_4)",
        "decl": { "start": { "line": 51, "column": 19 }, "end": { "line": 51, "column": 20 } },
        "loc": { "start": { "line": 51, "column": 30 }, "end": { "line": 51, "column": 49 } },
        "line": 51
      },
      "5": {
        "name": "(anonymous_5)",
        "decl": { "start": { "line": 57, "column": 9 }, "end": { "line": 57, "column": 42 } },
        "loc": { "start": { "line": 57, "column": 93 }, "end": { "line": 59, "column": null } },
        "line": 57
      },
      "6": {
        "name": "(anonymous_6)",
        "decl": { "start": { "line": 64, "column": 9 }, "end": { "line": 64, "column": 46 } },
        "loc": { "start": { "line": 64, "column": 97 }, "end": { "line": 66, "column": null } },
        "line": 64
      },
      "7": {
        "name": "(anonymous_7)",
        "decl": { "start": { "line": 71, "column": 9 }, "end": { "line": 71, "column": 24 } },
        "loc": { "start": { "line": 71, "column": 66 }, "end": { "line": 73, "column": null } },
        "line": 71
      },
      "8": {
        "name": "(anonymous_8)",
        "decl": { "start": { "line": 78, "column": 9 }, "end": { "line": 78, "column": 44 } },
        "loc": { "start": { "line": 78, "column": 95 }, "end": { "line": 80, "column": null } },
        "line": 78
      },
      "9": {
        "name": "(anonymous_9)",
        "decl": { "start": { "line": 85, "column": 9 }, "end": { "line": 85, "column": 24 } },
        "loc": { "start": { "line": 85, "column": 50 }, "end": { "line": 91, "column": null } },
        "line": 85
      },
      "10": {
        "name": "(anonymous_10)",
        "decl": { "start": { "line": 96, "column": 9 }, "end": { "line": 96, "column": 23 } },
        "loc": { "start": { "line": 96, "column": 50 }, "end": { "line": 98, "column": null } },
        "line": 96
      },
      "11": {
        "name": "(anonymous_11)",
        "decl": { "start": { "line": 103, "column": 9 }, "end": { "line": 103, "column": 23 } },
        "loc": { "start": { "line": 103, "column": 23 }, "end": { "line": 105, "column": null } },
        "line": 103
      }
    },
    "branchMap": {
      "0": {
        "loc": { "start": { "line": 25, "column": 4 }, "end": { "line": 27, "column": null } },
        "type": "if",
        "locations": [
          { "start": { "line": 25, "column": 4 }, "end": { "line": 27, "column": null } },
          { "start": {}, "end": {} }
        ],
        "line": 25
      },
      "1": {
        "loc": { "start": { "line": 86, "column": 4 }, "end": { "line": 90, "column": null } },
        "type": "if",
        "locations": [
          { "start": { "line": 86, "column": 4 }, "end": { "line": 90, "column": null } },
          { "start": { "line": 88, "column": 11 }, "end": { "line": 90, "column": null } }
        ],
        "line": 86
      }
    },
    "s": {
      "0": 1,
      "1": 17,
      "2": 1,
      "3": 17,
      "4": 10,
      "5": 10,
      "6": 10,
      "7": 1,
      "8": 2,
      "9": 18,
      "10": 1,
      "11": 2,
      "12": 2,
      "13": 2,
      "14": 1,
      "15": 1,
      "16": 11,
      "17": 15,
      "18": 1
    },
    "f": {
      "0": 1,
      "1": 1,
      "2": 10,
      "3": 1,
      "4": 2,
      "5": 18,
      "6": 1,
      "7": 2,
      "8": 2,
      "9": 2,
      "10": 11,
      "11": 15
    },
    "b": { "0": [1, 16], "1": [1, 1] },
    "meta": {
      "lastBranch": 2,
      "lastFunction": 12,
      "lastStatement": 19,
      "seen": {
        "f:17:10:17:24": 0,
        "s:18:4:18:Infinity": 0,
        "f:24:16:24:40": 1,
        "b:25:4:27:Infinity:undefined:undefined:undefined:undefined": 0,
        "s:25:4:27:Infinity": 1,
        "s:26:6:26:Infinity": 2,
        "s:28:4:28:Infinity": 3,
        "f:34:9:34:40": 2,
        "s:35:4:38:Infinity": 4,
        "s:41:4:41:Infinity": 5,
        "s:44:4:44:Infinity": 6,
        "f:50:9:50:20": 3,
        "s:51:4:51:Infinity": 7,
        "f:51:19:51:20": 4,
        "s:51:30:51:49": 8,
        "f:57:9:57:42": 5,
        "s:58:4:58:Infinity": 9,
        "f:64:9:64:46": 6,
        "s:65:4:65:Infinity": 10,
        "f:71:9:71:24": 7,
        "s:72:4:72:Infinity": 11,
        "f:78:9:78:44": 8,
        "s:79:4:79:Infinity": 12,
        "f:85:9:85:24": 9,
        "b:86:4:90:Infinity:88:11:90:Infinity": 1,
        "s:86:4:90:Infinity": 13,
        "s:87:6:87:Infinity": 14,
        "s:89:6:89:Infinity": 15,
        "f:96:9:96:23": 10,
        "s:97:4:97:Infinity": 16,
        "f:103:9:103:23": 11,
        "s:104:4:104:Infinity": 17,
        "s:111:24:111:Infinity": 18
      }
    }
  },
  "C:\\WWW\\Pass the host\\src\\main\\config.ts": {
    "path": "C:\\WWW\\Pass the host\\src\\main\\config.ts",
    "statementMap": {
      "0": { "start": { "line": 36, "column": 2 }, "end": { "line": 36, "column": null } },
      "1": { "start": { "line": 40, "column": 21 }, "end": { "line": 40, "column": null } },
      "2": { "start": { "line": 41, "column": 2 }, "end": { "line": 72, "column": null } },
      "3": { "start": { "line": 42, "column": 4 }, "end": { "line": 68, "column": null } },
      "4": { "start": { "line": 43, "column": 6 }, "end": { "line": 43, "column": null } },
      "5": { "start": { "line": 46, "column": 6 }, "end": { "line": 67, "column": null } },
      "6": { "start": { "line": 70, "column": 4 }, "end": { "line": 70, "column": null } },
      "7": { "start": { "line": 71, "column": 4 }, "end": { "line": 71, "column": null } },
      "8": { "start": { "line": 76, "column": 21 }, "end": { "line": 76, "column": null } },
      "9": { "start": { "line": 77, "column": 2 }, "end": { "line": 113, "column": null } },
      "10": { "start": { "line": 78, "column": 41 }, "end": { "line": 78, "column": null } },
      "11": { "start": { "line": 81, "column": 4 }, "end": { "line": 101, "column": null } },
      "12": { "start": { "line": 82, "column": 6 }, "end": { "line": 82, "column": null } },
      "13": { "start": { "line": 85, "column": 6 }, "end": { "line": 100, "column": null } },
      "14": { "start": { "line": 104, "column": 4 }, "end": { "line": 104, "column": null } },
      "15": { "start": { "line": 107, "column": 4 }, "end": { "line": 107, "column": null } },
      "16": { "start": { "line": 109, "column": 4 }, "end": { "line": 109, "column": null } },
      "17": { "start": { "line": 111, "column": 4 }, "end": { "line": 111, "column": null } },
      "18": { "start": { "line": 112, "column": 4 }, "end": { "line": 112, "column": null } },
      "19": { "start": { "line": 117, "column": 21 }, "end": { "line": 117, "column": null } },
      "20": { "start": { "line": 118, "column": 2 }, "end": { "line": 164, "column": null } },
      "21": { "start": { "line": 119, "column": 41 }, "end": { "line": 119, "column": null } },
      "22": { "start": { "line": 122, "column": 4 }, "end": { "line": 147, "column": null } },
      "23": { "start": { "line": 123, "column": 6 }, "end": { "line": 123, "column": null } },
      "24": { "start": { "line": 126, "column": 6 }, "end": { "line": 146, "column": null } },
      "25": { "start": { "line": 150, "column": 4 }, "end": { "line": 152, "column": null } },
      "26": { "start": { "line": 151, "column": 6 }, "end": { "line": 151, "column": null } },
      "27": { "start": { "line": 155, "column": 4 }, "end": { "line": 155, "column": null } },
      "28": { "start": { "line": 158, "column": 4 }, "end": { "line": 158, "column": null } },
      "29": { "start": { "line": 160, "column": 4 }, "end": { "line": 160, "column": null } },
      "30": { "start": { "line": 162, "column": 4 }, "end": { "line": 162, "column": null } },
      "31": { "start": { "line": 163, "column": 4 }, "end": { "line": 163, "column": null } },
      "32": { "start": { "line": 168, "column": 21 }, "end": { "line": 168, "column": null } },
      "33": { "start": { "line": 169, "column": 2 }, "end": { "line": 224, "column": null } },
      "34": { "start": { "line": 170, "column": 41 }, "end": { "line": 170, "column": null } },
      "35": { "start": { "line": 173, "column": 4 }, "end": { "line": 198, "column": null } },
      "36": { "start": { "line": 174, "column": 6 }, "end": { "line": 174, "column": null } },
      "37": { "start": { "line": 177, "column": 6 }, "end": { "line": 197, "column": null } },
      "38": { "start": { "line": 201, "column": 4 }, "end": { "line": 211, "column": null } },
      "39": { "start": { "line": 202, "column": 6 }, "end": { "line": 210, "column": null } },
      "40": { "start": { "line": 214, "column": 4 }, "end": { "line": 214, "column": null } },
      "41": { "start": { "line": 215, "column": 4 }, "end": { "line": 215, "column": null } },
      "42": { "start": { "line": 218, "column": 4 }, "end": { "line": 218, "column": null } },
      "43": { "start": { "line": 220, "column": 4 }, "end": { "line": 220, "column": null } },
      "44": { "start": { "line": 222, "column": 4 }, "end": { "line": 222, "column": null } },
      "45": { "start": { "line": 223, "column": 4 }, "end": { "line": 223, "column": null } },
      "46": { "start": { "line": 228, "column": 21 }, "end": { "line": 228, "column": null } },
      "47": { "start": { "line": 229, "column": 2 }, "end": { "line": 259, "column": null } },
      "48": { "start": { "line": 230, "column": 41 }, "end": { "line": 230, "column": null } },
      "49": { "start": { "line": 233, "column": 4 }, "end": { "line": 242, "column": null } },
      "50": { "start": { "line": 234, "column": 6 }, "end": { "line": 234, "column": null } },
      "51": { "start": { "line": 237, "column": 6 }, "end": { "line": 241, "column": null } },
      "52": { "start": { "line": 245, "column": 4 }, "end": { "line": 247, "column": null } },
      "53": { "start": { "line": 246, "column": 6 }, "end": { "line": 246, "column": null } },
      "54": { "start": { "line": 250, "column": 4 }, "end": { "line": 250, "column": null } },
      "55": { "start": { "line": 253, "column": 4 }, "end": { "line": 253, "column": null } },
      "56": { "start": { "line": 255, "column": 4 }, "end": { "line": 255, "column": null } },
      "57": { "start": { "line": 257, "column": 4 }, "end": { "line": 257, "column": null } },
      "58": { "start": { "line": 258, "column": 4 }, "end": { "line": 258, "column": null } },
      "59": { "start": { "line": 263, "column": 21 }, "end": { "line": 263, "column": null } },
      "60": { "start": { "line": 264, "column": 2 }, "end": { "line": 273, "column": null } },
      "61": { "start": { "line": 265, "column": 4 }, "end": { "line": 268, "column": null } },
      "62": { "start": { "line": 266, "column": 21 }, "end": { "line": 266, "column": null } },
      "63": { "start": { "line": 267, "column": 6 }, "end": { "line": 267, "column": null } },
      "64": { "start": { "line": 269, "column": 4 }, "end": { "line": 269, "column": null } },
      "65": { "start": { "line": 271, "column": 4 }, "end": { "line": 271, "column": null } },
      "66": { "start": { "line": 272, "column": 4 }, "end": { "line": 272, "column": null } }
    },
    "fnMap": {
      "0": {
        "name": "getConfigPath",
        "decl": { "start": { "line": 34, "column": 16 }, "end": { "line": 34, "column": 40 } },
        "loc": { "start": { "line": 34, "column": 40 }, "end": { "line": 37, "column": null } },
        "line": 34
      },
      "1": {
        "name": "loadConfig",
        "decl": { "start": { "line": 39, "column": 16 }, "end": { "line": 39, "column": 51 } },
        "loc": { "start": { "line": 39, "column": 51 }, "end": { "line": 73, "column": null } },
        "line": 39
      },
      "2": {
        "name": "saveR2Config",
        "decl": { "start": { "line": 75, "column": 16 }, "end": { "line": 75, "column": 29 } },
        "loc": { "start": { "line": 75, "column": 71 }, "end": { "line": 114, "column": null } },
        "line": 75
      },
      "3": {
        "name": "saveUsername",
        "decl": { "start": { "line": 116, "column": 16 }, "end": { "line": 116, "column": 29 } },
        "loc": { "start": { "line": 116, "column": 56 }, "end": { "line": 165, "column": null } },
        "line": 116
      },
      "4": {
        "name": "saveRamConfig",
        "decl": { "start": { "line": 167, "column": 16 }, "end": { "line": 167, "column": 30 } },
        "loc": { "start": { "line": 167, "column": 71 }, "end": { "line": 225, "column": null } },
        "line": 167
      },
      "5": {
        "name": "saveLanguage",
        "decl": { "start": { "line": 227, "column": 16 }, "end": { "line": 227, "column": 29 } },
        "loc": { "start": { "line": 227, "column": 56 }, "end": { "line": 260, "column": null } },
        "line": 227
      },
      "6": {
        "name": "getLanguage",
        "decl": { "start": { "line": 262, "column": 16 }, "end": { "line": 262, "column": 38 } },
        "loc": { "start": { "line": 262, "column": 38 }, "end": { "line": 274, "column": null } },
        "line": 262
      }
    },
    "branchMap": {
      "0": {
        "loc": { "start": { "line": 42, "column": 4 }, "end": { "line": 68, "column": null } },
        "type": "if",
        "locations": [
          { "start": { "line": 42, "column": 4 }, "end": { "line": 68, "column": null } },
          { "start": { "line": 44, "column": 11 }, "end": { "line": 68, "column": null } }
        ],
        "line": 42
      },
      "1": {
        "loc": { "start": { "line": 81, "column": 4 }, "end": { "line": 101, "column": null } },
        "type": "if",
        "locations": [
          { "start": { "line": 81, "column": 4 }, "end": { "line": 101, "column": null } },
          { "start": { "line": 83, "column": 11 }, "end": { "line": 101, "column": null } }
        ],
        "line": 81
      },
      "2": {
        "loc": { "start": { "line": 122, "column": 4 }, "end": { "line": 147, "column": null } },
        "type": "if",
        "locations": [
          { "start": { "line": 122, "column": 4 }, "end": { "line": 147, "column": null } },
          { "start": { "line": 124, "column": 11 }, "end": { "line": 147, "column": null } }
        ],
        "line": 122
      },
      "3": {
        "loc": { "start": { "line": 150, "column": 4 }, "end": { "line": 152, "column": null } },
        "type": "if",
        "locations": [
          { "start": { "line": 150, "column": 4 }, "end": { "line": 152, "column": null } },
          { "start": {}, "end": {} }
        ],
        "line": 150
      },
      "4": {
        "loc": { "start": { "line": 173, "column": 4 }, "end": { "line": 198, "column": null } },
        "type": "if",
        "locations": [
          { "start": { "line": 173, "column": 4 }, "end": { "line": 198, "column": null } },
          { "start": { "line": 175, "column": 11 }, "end": { "line": 198, "column": null } }
        ],
        "line": 173
      },
      "5": {
        "loc": { "start": { "line": 201, "column": 4 }, "end": { "line": 211, "column": null } },
        "type": "if",
        "locations": [
          { "start": { "line": 201, "column": 4 }, "end": { "line": 211, "column": null } },
          { "start": {}, "end": {} }
        ],
        "line": 201
      },
      "6": {
        "loc": { "start": { "line": 233, "column": 4 }, "end": { "line": 242, "column": null } },
        "type": "if",
        "locations": [
          { "start": { "line": 233, "column": 4 }, "end": { "line": 242, "column": null } },
          { "start": { "line": 235, "column": 11 }, "end": { "line": 242, "column": null } }
        ],
        "line": 233
      },
      "7": {
        "loc": { "start": { "line": 245, "column": 4 }, "end": { "line": 247, "column": null } },
        "type": "if",
        "locations": [
          { "start": { "line": 245, "column": 4 }, "end": { "line": 247, "column": null } },
          { "start": {}, "end": {} }
        ],
        "line": 245
      },
      "8": {
        "loc": { "start": { "line": 265, "column": 4 }, "end": { "line": 268, "column": null } },
        "type": "if",
        "locations": [
          { "start": { "line": 265, "column": 4 }, "end": { "line": 268, "column": null } },
          { "start": {}, "end": {} }
        ],
        "line": 265
      },
      "9": {
        "loc": { "start": { "line": 267, "column": 13 }, "end": { "line": 267, "column": null } },
        "type": "binary-expr",
        "locations": [
          { "start": { "line": 267, "column": 13 }, "end": { "line": 267, "column": 37 } },
          { "start": { "line": 267, "column": 37 }, "end": { "line": 267, "column": null } }
        ],
        "line": 267
      }
    },
    "s": {
      "0": 20,
      "1": 3,
      "2": 3,
      "3": 3,
      "4": 2,
      "5": 1,
      "6": 1,
      "7": 1,
      "8": 3,
      "9": 3,
      "10": 3,
      "11": 3,
      "12": 1,
      "13": 2,
      "14": 3,
      "15": 3,
      "16": 3,
      "17": 1,
      "18": 1,
      "19": 3,
      "20": 3,
      "21": 3,
      "22": 3,
      "23": 2,
      "24": 1,
      "25": 3,
      "26": 1,
      "27": 3,
      "28": 3,
      "29": 3,
      "30": 1,
      "31": 1,
      "32": 3,
      "33": 3,
      "34": 3,
      "35": 3,
      "36": 2,
      "37": 1,
      "38": 3,
      "39": 1,
      "40": 3,
      "41": 3,
      "42": 3,
      "43": 3,
      "44": 1,
      "45": 1,
      "46": 3,
      "47": 3,
      "48": 3,
      "49": 3,
      "50": 2,
      "51": 1,
      "52": 3,
      "53": 1,
      "54": 3,
      "55": 3,
      "56": 3,
      "57": 1,
      "58": 1,
      "59": 4,
      "60": 4,
      "61": 4,
      "62": 3,
      "63": 3,
      "64": 1,
      "65": 1,
      "66": 1
    },
    "f": { "0": 20, "1": 3, "2": 3, "3": 3, "4": 3, "5": 3, "6": 4 },
    "b": {
      "0": [2, 1],
      "1": [1, 2],
      "2": [2, 1],
      "3": [1, 2],
      "4": [2, 1],
      "5": [1, 2],
      "6": [2, 1],
      "7": [1, 2],
      "8": [3, 1],
      "9": [3, 1]
    },
    "meta": {
      "lastBranch": 10,
      "lastFunction": 7,
      "lastStatement": 67,
      "seen": {
        "f:34:16:34:40": 0,
        "s:36:2:36:Infinity": 0,
        "f:39:16:39:51": 1,
        "s:40:21:40:Infinity": 1,
        "s:41:2:72:Infinity": 2,
        "b:42:4:68:Infinity:44:11:68:Infinity": 0,
        "s:42:4:68:Infinity": 3,
        "s:43:6:43:Infinity": 4,
        "s:46:6:67:Infinity": 5,
        "s:70:4:70:Infinity": 6,
        "s:71:4:71:Infinity": 7,
        "f:75:16:75:29": 2,
        "s:76:21:76:Infinity": 8,
        "s:77:2:113:Infinity": 9,
        "s:78:41:78:Infinity": 10,
        "b:81:4:101:Infinity:83:11:101:Infinity": 1,
        "s:81:4:101:Infinity": 11,
        "s:82:6:82:Infinity": 12,
        "s:85:6:100:Infinity": 13,
        "s:104:4:104:Infinity": 14,
        "s:107:4:107:Infinity": 15,
        "s:109:4:109:Infinity": 16,
        "s:111:4:111:Infinity": 17,
        "s:112:4:112:Infinity": 18,
        "f:116:16:116:29": 3,
        "s:117:21:117:Infinity": 19,
        "s:118:2:164:Infinity": 20,
        "s:119:41:119:Infinity": 21,
        "b:122:4:147:Infinity:124:11:147:Infinity": 2,
        "s:122:4:147:Infinity": 22,
        "s:123:6:123:Infinity": 23,
        "s:126:6:146:Infinity": 24,
        "b:150:4:152:Infinity:undefined:undefined:undefined:undefined": 3,
        "s:150:4:152:Infinity": 25,
        "s:151:6:151:Infinity": 26,
        "s:155:4:155:Infinity": 27,
        "s:158:4:158:Infinity": 28,
        "s:160:4:160:Infinity": 29,
        "s:162:4:162:Infinity": 30,
        "s:163:4:163:Infinity": 31,
        "f:167:16:167:30": 4,
        "s:168:21:168:Infinity": 32,
        "s:169:2:224:Infinity": 33,
        "s:170:41:170:Infinity": 34,
        "b:173:4:198:Infinity:175:11:198:Infinity": 4,
        "s:173:4:198:Infinity": 35,
        "s:174:6:174:Infinity": 36,
        "s:177:6:197:Infinity": 37,
        "b:201:4:211:Infinity:undefined:undefined:undefined:undefined": 5,
        "s:201:4:211:Infinity": 38,
        "s:202:6:210:Infinity": 39,
        "s:214:4:214:Infinity": 40,
        "s:215:4:215:Infinity": 41,
        "s:218:4:218:Infinity": 42,
        "s:220:4:220:Infinity": 43,
        "s:222:4:222:Infinity": 44,
        "s:223:4:223:Infinity": 45,
        "f:227:16:227:29": 5,
        "s:228:21:228:Infinity": 46,
        "s:229:2:259:Infinity": 47,
        "s:230:41:230:Infinity": 48,
        "b:233:4:242:Infinity:235:11:242:Infinity": 6,
        "s:233:4:242:Infinity": 49,
        "s:234:6:234:Infinity": 50,
        "s:237:6:241:Infinity": 51,
        "b:245:4:247:Infinity:undefined:undefined:undefined:undefined": 7,
        "s:245:4:247:Infinity": 52,
        "s:246:6:246:Infinity": 53,
        "s:250:4:250:Infinity": 54,
        "s:253:4:253:Infinity": 55,
        "s:255:4:255:Infinity": 56,
        "s:257:4:257:Infinity": 57,
        "s:258:4:258:Infinity": 58,
        "f:262:16:262:38": 6,
        "s:263:21:263:Infinity": 59,
        "s:264:2:273:Infinity": 60,
        "b:265:4:268:Infinity:undefined:undefined:undefined:undefined": 8,
        "s:265:4:268:Infinity": 61,
        "s:266:21:266:Infinity": 62,
        "s:267:6:267:Infinity": 63,
        "b:267:13:267:37:267:37:267:Infinity": 9,
        "s:269:4:269:Infinity": 64,
        "s:271:4:271:Infinity": 65,
        "s:272:4:272:Infinity": 66
      }
    }
  },
  "C:\\WWW\\Pass the host\\src\\main\\contexts\\server-runtime\\domain\\entities\\ServerProcess.ts": {
    "path": "C:\\WWW\\Pass the host\\src\\main\\contexts\\server-runtime\\domain\\entities\\ServerProcess.ts",
    "statementMap": {
      "0": { "start": { "line": 5, "column": 21 }, "end": { "line": 5, "column": null } },
      "1": { "start": { "line": 6, "column": 21 }, "end": { "line": 6, "column": null } },
      "2": { "start": { "line": 10, "column": 4 }, "end": { "line": 10, "column": null } },
      "3": { "start": { "line": 14, "column": 4 }, "end": { "line": 14, "column": null } },
      "4": { "start": { "line": 18, "column": 4 }, "end": { "line": 18, "column": null } },
      "5": { "start": { "line": 22, "column": 4 }, "end": { "line": 28, "column": null } },
      "6": { "start": { "line": 23, "column": 6 }, "end": { "line": 23, "column": null } },
      "7": { "start": { "line": 23, "column": 27 }, "end": { "line": 23, "column": null } },
      "8": { "start": { "line": 24, "column": 6 }, "end": { "line": 24, "column": null } },
      "9": { "start": { "line": 25, "column": 6 }, "end": { "line": 25, "column": null } },
      "10": { "start": { "line": 27, "column": 6 }, "end": { "line": 27, "column": null } },
      "11": { "start": { "line": 32, "column": 4 }, "end": { "line": 56, "column": null } },
      "12": { "start": { "line": 33, "column": 6 }, "end": { "line": 36, "column": null } },
      "13": { "start": { "line": 34, "column": 8 }, "end": { "line": 34, "column": null } },
      "14": { "start": { "line": 35, "column": 8 }, "end": { "line": 35, "column": null } },
      "15": { "start": { "line": 38, "column": 6 }, "end": { "line": 55, "column": null } },
      "16": { "start": { "line": 40, "column": 8 }, "end": { "line": 40, "column": null } },
      "17": { "start": { "line": 42, "column": 8 }, "end": { "line": 47, "column": null } },
      "18": { "start": { "line": 43, "column": 10 }, "end": { "line": 45, "column": null } },
      "19": { "start": { "line": 44, "column": 12 }, "end": { "line": 44, "column": null } },
      "20": { "start": { "line": 46, "column": 10 }, "end": { "line": 46, "column": null } },
      "21": { "start": { "line": 49, "column": 8 }, "end": { "line": 53, "column": null } },
      "22": { "start": { "line": 50, "column": 10 }, "end": { "line": 50, "column": null } },
      "23": { "start": { "line": 54, "column": 8 }, "end": { "line": 54, "column": null } }
    },
    "fnMap": {
      "0": {
        "name": "(anonymous_0)",
        "decl": { "start": { "line": 4, "column": 2 }, "end": { "line": 4, "column": null } },
        "loc": { "start": { "line": 7, "column": 4 }, "end": { "line": 7, "column": null } },
        "line": 7
      },
      "1": {
        "name": "(anonymous_1)",
        "decl": { "start": { "line": 9, "column": 6 }, "end": { "line": 9, "column": 25 } },
        "loc": { "start": { "line": 9, "column": 25 }, "end": { "line": 11, "column": null } },
        "line": 9
      },
      "2": {
        "name": "(anonymous_2)",
        "decl": { "start": { "line": 13, "column": 6 }, "end": { "line": 13, "column": 48 } },
        "loc": { "start": { "line": 13, "column": 48 }, "end": { "line": 15, "column": null } },
        "line": 13
      },
      "3": {
        "name": "(anonymous_3)",
        "decl": { "start": { "line": 17, "column": 6 }, "end": { "line": 17, "column": 27 } },
        "loc": { "start": { "line": 17, "column": 27 }, "end": { "line": 19, "column": null } },
        "line": 17
      },
      "4": {
        "name": "(anonymous_4)",
        "decl": { "start": { "line": 21, "column": 2 }, "end": { "line": 21, "column": 14 } },
        "loc": { "start": { "line": 21, "column": 40 }, "end": { "line": 29, "column": null } },
        "line": 21
      },
      "5": {
        "name": "(anonymous_5)",
        "decl": { "start": { "line": 31, "column": 2 }, "end": { "line": 31, "column": 7 } },
        "loc": { "start": { "line": 31, "column": 57 }, "end": { "line": 57, "column": null } },
        "line": 31
      },
      "6": {
        "name": "(anonymous_6)",
        "decl": { "start": { "line": 32, "column": 23 }, "end": { "line": 32, "column": 24 } },
        "loc": { "start": { "line": 32, "column": 36 }, "end": { "line": 56, "column": 5 } },
        "line": 32
      },
      "7": {
        "name": "(anonymous_7)",
        "decl": { "start": { "line": 42, "column": 19 }, "end": { "line": 42, "column": 25 } },
        "loc": { "start": { "line": 42, "column": 25 }, "end": { "line": 47, "column": 11 } },
        "line": 42
      }
    },
    "branchMap": {
      "0": {
        "loc": { "start": { "line": 23, "column": 6 }, "end": { "line": 23, "column": null } },
        "type": "if",
        "locations": [
          { "start": { "line": 23, "column": 6 }, "end": { "line": 23, "column": null } },
          { "start": {}, "end": {} }
        ],
        "line": 23
      },
      "1": {
        "loc": { "start": { "line": 31, "column": 7 }, "end": { "line": 31, "column": 57 } },
        "type": "default-arg",
        "locations": [
          { "start": { "line": 31, "column": 33 }, "end": { "line": 31, "column": 57 } }
        ],
        "line": 31
      },
      "2": {
        "loc": { "start": { "line": 33, "column": 6 }, "end": { "line": 36, "column": null } },
        "type": "if",
        "locations": [
          { "start": { "line": 33, "column": 6 }, "end": { "line": 36, "column": null } },
          { "start": {}, "end": {} }
        ],
        "line": 33
      },
      "3": {
        "loc": { "start": { "line": 43, "column": 10 }, "end": { "line": 45, "column": null } },
        "type": "if",
        "locations": [
          { "start": { "line": 43, "column": 10 }, "end": { "line": 45, "column": null } },
          { "start": {}, "end": {} }
        ],
        "line": 43
      }
    },
    "s": {
      "0": 14,
      "1": 14,
      "2": 2,
      "3": 2,
      "4": 11,
      "5": 4,
      "6": 4,
      "7": 1,
      "8": 3,
      "9": 3,
      "10": 1,
      "11": 5,
      "12": 5,
      "13": 1,
      "14": 1,
      "15": 4,
      "16": 4,
      "17": 4,
      "18": 2,
      "19": 2,
      "20": 2,
      "21": 2,
      "22": 2,
      "23": 2
    },
    "f": { "0": 14, "1": 2, "2": 2, "3": 11, "4": 4, "5": 5, "6": 5, "7": 2 },
    "b": { "0": [1, 3], "1": [5], "2": [1, 4], "3": [2, 0] },
    "meta": {
      "lastBranch": 4,
      "lastFunction": 8,
      "lastStatement": 24,
      "seen": {
        "f:4:2:4:Infinity": 0,
        "s:5:21:5:Infinity": 0,
        "s:6:21:6:Infinity": 1,
        "f:9:6:9:25": 1,
        "s:10:4:10:Infinity": 2,
        "f:13:6:13:48": 2,
        "s:14:4:14:Infinity": 3,
        "f:17:6:17:27": 3,
        "s:18:4:18:Infinity": 4,
        "f:21:2:21:14": 4,
        "s:22:4:28:Infinity": 5,
        "b:23:6:23:Infinity:undefined:undefined:undefined:undefined": 0,
        "s:23:6:23:Infinity": 6,
        "s:23:27:23:Infinity": 7,
        "s:24:6:24:Infinity": 8,
        "s:25:6:25:Infinity": 9,
        "s:27:6:27:Infinity": 10,
        "f:31:2:31:7": 5,
        "b:31:33:31:57": 1,
        "s:32:4:56:Infinity": 11,
        "f:32:23:32:24": 6,
        "b:33:6:36:Infinity:undefined:undefined:undefined:undefined": 2,
        "s:33:6:36:Infinity": 12,
        "s:34:8:34:Infinity": 13,
        "s:35:8:35:Infinity": 14,
        "s:38:6:55:Infinity": 15,
        "s:40:8:40:Infinity": 16,
        "s:42:8:47:Infinity": 17,
        "f:42:19:42:25": 7,
        "b:43:10:45:Infinity:undefined:undefined:undefined:undefined": 3,
        "s:43:10:45:Infinity": 18,
        "s:44:12:44:Infinity": 19,
        "s:46:10:46:Infinity": 20,
        "s:49:8:53:Infinity": 21,
        "s:50:10:50:Infinity": 22,
        "s:54:8:54:Infinity": 23
      }
    }
  }
}
